Determining if the pthread_create exist failed with the following output:
Change Dir: /home/deanzaka/Github/truinect/build/CMakeFiles/CMakeTmp

Run Build Command:/usr/bin/make "cmTryCompileExec3072137501/fast"
/usr/bin/make -f CMakeFiles/cmTryCompileExec3072137501.dir/build.make CMakeFiles/cmTryCompileExec3072137501.dir/build
make[1]: Entering directory `/home/deanzaka/Github/truinect/build/CMakeFiles/CMakeTmp'
/usr/bin/cmake -E cmake_progress_report /home/deanzaka/Github/truinect/build/CMakeFiles/CMakeTmp/CMakeFiles 1
Building C object CMakeFiles/cmTryCompileExec3072137501.dir/CheckSymbolExists.c.o
/usr/bin/cc    -o CMakeFiles/cmTryCompileExec3072137501.dir/CheckSymbolExists.c.o   -c /home/deanzaka/Github/truinect/build/CMakeFiles/CMakeTmp/CheckSymbolExists.c
Linking C executable cmTryCompileExec3072137501
/usr/bin/cmake -E cmake_link_script CMakeFiles/cmTryCompileExec3072137501.dir/link.txt --verbose=1
/usr/bin/cc       CMakeFiles/cmTryCompileExec3072137501.dir/CheckSymbolExists.c.o  -o cmTryCompileExec3072137501 -rdynamic 
CMakeFiles/cmTryCompileExec3072137501.dir/CheckSymbolExists.c.o: In function `main':
CheckSymbolExists.c:(.text+0x16): undefined reference to `pthread_create'
collect2: error: ld returned 1 exit status
make[1]: *** [cmTryCompileExec3072137501] Error 1
make[1]: Leaving directory `/home/deanzaka/Github/truinect/build/CMakeFiles/CMakeTmp'
make: *** [cmTryCompileExec3072137501/fast] Error 2

File /home/deanzaka/Github/truinect/build/CMakeFiles/CMakeTmp/CheckSymbolExists.c:
/* */
#include <pthread.h>

int main(int argc, char** argv)
{
  (void)argv;
#ifndef pthread_create
  return ((int*)(&pthread_create))[argc];
#else
  (void)argc;
  return 0;
#endif
}

Determining if the function pthread_create exists in the pthreads failed with the following output:
Change Dir: /home/deanzaka/Github/truinect/build/CMakeFiles/CMakeTmp

Run Build Command:/usr/bin/make "cmTryCompileExec2100768551/fast"
/usr/bin/make -f CMakeFiles/cmTryCompileExec2100768551.dir/build.make CMakeFiles/cmTryCompileExec2100768551.dir/build
make[1]: Entering directory `/home/deanzaka/Github/truinect/build/CMakeFiles/CMakeTmp'
/usr/bin/cmake -E cmake_progress_report /home/deanzaka/Github/truinect/build/CMakeFiles/CMakeTmp/CMakeFiles 1
Building C object CMakeFiles/cmTryCompileExec2100768551.dir/CheckFunctionExists.c.o
/usr/bin/cc   -DCHECK_FUNCTION_EXISTS=pthread_create   -o CMakeFiles/cmTryCompileExec2100768551.dir/CheckFunctionExists.c.o   -c /usr/share/cmake-2.8/Modules/CheckFunctionExists.c
Linking C executable cmTryCompileExec2100768551
/usr/bin/cmake -E cmake_link_script CMakeFiles/cmTryCompileExec2100768551.dir/link.txt --verbose=1
/usr/bin/cc   -DCHECK_FUNCTION_EXISTS=pthread_create    CMakeFiles/cmTryCompileExec2100768551.dir/CheckFunctionExists.c.o  -o cmTryCompileExec2100768551 -rdynamic -lpthreads 
/usr/bin/ld: cannot find -lpthreads
collect2: error: ld returned 1 exit status
make[1]: *** [cmTryCompileExec2100768551] Error 1
make[1]: Leaving directory `/home/deanzaka/Github/truinect/build/CMakeFiles/CMakeTmp'
make: *** [cmTryCompileExec2100768551/fast] Error 2


